[INFO] Scanning for projects...
[INFO]                                                                         
[INFO] ------------------------------------------------------------------------
[INFO] Building HTTP-PATCH-JAX-RS Web APP 1.0-SNAPSHOT
[INFO] ------------------------------------------------------------------------
[INFO] 
[INFO] --- maven-dependency-plugin:2.6:copy (default) @ HTTP-PATCH-JAX-RS ---
[INFO] 
[INFO] --- maven-resources-plugin:2.6:resources (default-resources) @ HTTP-PATCH-JAX-RS ---
[INFO] Using 'UTF-8' encoding to copy filtered resources.
[INFO] Copying 3 resources
[INFO] 
[INFO] --- maven-compiler-plugin:3.1:compile (default-compile) @ HTTP-PATCH-JAX-RS ---
[INFO] Nothing to compile - all classes are up to date
[INFO] 
[INFO] --- maven-resources-plugin:2.6:testResources (default-testResources) @ HTTP-PATCH-JAX-RS ---
[INFO] Using 'UTF-8' encoding to copy filtered resources.
[INFO] Copying 5 resources
[INFO] 
[INFO] --- maven-compiler-plugin:3.1:testCompile (default-testCompile) @ HTTP-PATCH-JAX-RS ---
[INFO] Nothing to compile - all classes are up to date
[INFO] 
[INFO] --- maven-surefire-plugin:2.20.1:test (default-test) @ HTTP-PATCH-JAX-RS ---
[INFO] 
[INFO] -------------------------------------------------------
[INFO]  T E S T S
[INFO] -------------------------------------------------------
[INFO] Running com.labkit.test.personapi.ApiUsecaseTest
No features found at [classpath:com/labkit/test/personapi/ApiResouce.feature]
[INFO] Tests run: 0, Failures: 0, Errors: 0, Skipped: 0, Time elapsed: 0.117 s - in com.labkit.test.personapi.ApiUsecaseTest
[INFO] Running com.labkit.test.personapi.FileUploadResourceTest
[INFO] Tests run: 2, Failures: 0, Errors: 0, Skipped: 0, Time elapsed: 0.235 s - in com.labkit.test.personapi.FileUploadResourceTest
[INFO] Running com.labkit.test.personapi.PersonAPITestRunner
00:06:54.904 [main] ERROR com.intuit.karate - javascript function call failed, arg: null
function() {   
  var env = karate.env; // get system property 'karate.env'
  karate.log('karate.env system property was:', env);
  if (!env) {
    env = 'live';
  }
  var config = {
    env: env,
   apiUrl: 'http://http-patch-vidhya.1d35.starter-us-east-1.openshiftapps.com/v1/'
  };
  if (env === 'dev') {
    // customize
   config.apiUrl = 'http://localhost:18080/http-patch-jax-rs/v1/';
  } else if (env === 'e2e') {
    // customize
  }
  //Right now commenting the below for future use
//  config.myObject = karate.read('classpath:test.json');
  return config;
}
jdk.nashorn.internal.runtime.ECMAException: ReferenceError: "karate" is not defined
	at jdk.nashorn.internal.runtime.ECMAErrors.error(ECMAErrors.java:57)
	at jdk.nashorn.internal.runtime.ECMAErrors.referenceError(ECMAErrors.java:319)
	at jdk.nashorn.internal.runtime.ECMAErrors.referenceError(ECMAErrors.java:291)
	at jdk.nashorn.internal.objects.Global.__noSuchProperty__(Global.java:1426)
	at jdk.nashorn.internal.scripts.Script$Recompilation$4$11$\^eval\_.L:1(<eval>:2)
	at jdk.nashorn.internal.runtime.ScriptFunctionData.invoke(ScriptFunctionData.java:637)
	at jdk.nashorn.internal.runtime.ScriptFunction.invoke(ScriptFunction.java:494)
	at jdk.nashorn.internal.runtime.ScriptRuntime.apply(ScriptRuntime.java:393)
	at jdk.nashorn.api.scripting.ScriptObjectMirror.call(ScriptObjectMirror.java:117)
	at com.intuit.karate.Script.evalFunctionCall(Script.java:1491)
	at com.intuit.karate.Script.call(Script.java:1449)
	at com.intuit.karate.Script.callAndUpdateConfigAndAlsoVarsIfMapReturned(Script.java:1564)
	at com.intuit.karate.ScriptContext.<init>(ScriptContext.java:144)
	at com.intuit.karate.StepDefs.<init>(StepDefs.java:81)
	at com.intuit.karate.cucumber.KarateObjectFactory.getInstance(KarateObjectFactory.java:80)
	at com.intuit.karate.cucumber.KarateObjectFactory.getStepDefs(KarateObjectFactory.java:87)
	at com.intuit.karate.cucumber.KarateBackend.getStepDefs(KarateBackend.java:104)
	at com.intuit.karate.cucumber.KarateBackend.getVars(KarateBackend.java:81)
	at com.intuit.karate.cucumber.KarateBackend.beforeStep(KarateBackend.java:85)
	at com.intuit.karate.cucumber.CucumberUtils.runStep(CucumberUtils.java:178)
	at com.intuit.karate.cucumber.KarateRuntime.runStep(KarateRuntime.java:79)
	at cucumber.runtime.model.StepContainer.runStep(StepContainer.java:44)
	at cucumber.runtime.model.StepContainer.runSteps(StepContainer.java:39)
	at cucumber.runtime.model.CucumberScenario.runBackground(CucumberScenario.java:59)
	at cucumber.runtime.model.CucumberScenario.run(CucumberScenario.java:42)
	at cucumber.runtime.junit.ExecutionUnitRunner.run(ExecutionUnitRunner.java:102)
	at cucumber.runtime.junit.FeatureRunner.runChild(FeatureRunner.java:63)
	at cucumber.runtime.junit.FeatureRunner.runChild(FeatureRunner.java:18)
	at org.junit.runners.ParentRunner$3.run(ParentRunner.java:290)
	at org.junit.runners.ParentRunner$1.schedule(ParentRunner.java:71)
	at org.junit.runners.ParentRunner.runChildren(ParentRunner.java:288)
	at org.junit.runners.ParentRunner.access$000(ParentRunner.java:58)
	at org.junit.runners.ParentRunner$2.evaluate(ParentRunner.java:268)
	at org.junit.runners.ParentRunner.run(ParentRunner.java:363)
	at cucumber.runtime.junit.FeatureRunner.run(FeatureRunner.java:70)
	at com.intuit.karate.junit4.Karate.runChild(Karate.java:118)
	at com.intuit.karate.junit4.Karate.runChild(Karate.java:33)
	at org.junit.runners.ParentRunner$3.run(ParentRunner.java:290)
	at org.junit.runners.ParentRunner$1.schedule(ParentRunner.java:71)
	at org.junit.runners.ParentRunner.runChildren(ParentRunner.java:288)
	at org.junit.runners.ParentRunner.access$000(ParentRunner.java:58)
	at org.junit.runners.ParentRunner$2.evaluate(ParentRunner.java:268)
	at org.junit.runners.ParentRunner.run(ParentRunner.java:363)
	at com.intuit.karate.junit4.Karate.run(Karate.java:128)
	at org.apache.maven.surefire.junit4.JUnit4Provider.execute(JUnit4Provider.java:369)
	at org.apache.maven.surefire.junit4.JUnit4Provider.executeWithRerun(JUnit4Provider.java:275)
	at org.apache.maven.surefire.junit4.JUnit4Provider.executeTestSet(JUnit4Provider.java:239)
	at org.apache.maven.surefire.junit4.JUnit4Provider.invoke(JUnit4Provider.java:160)
	at org.apache.maven.surefire.booter.ForkedBooter.invokeProviderInSameClassLoader(ForkedBooter.java:373)
	at org.apache.maven.surefire.booter.ForkedBooter.runSuitesInProcess(ForkedBooter.java:334)
	at org.apache.maven.surefire.booter.ForkedBooter.execute(ForkedBooter.java:119)
	at org.apache.maven.surefire.booter.ForkedBooter.main(ForkedBooter.java:407)
00:06:54.920 [main] WARN com.intuit.karate - no runnable scenarios found: PersonApi.feature, env: null, dir: T:\opensource\http-patch-jax-rs\target\test-classes\com\labkit\test\personapi
0 Scenarios
0 Steps
0m0.000s
html report: (paste into browser to view)
-----------------------------------------
file:/T:/opensource/http-patch-jax-rs/target/surefire-reports/TEST-com.labkit.test.personapi.PersonApi.html

[ERROR] Tests run: 1, Failures: 0, Errors: 1, Skipped: 0, Time elapsed: 0.923 s <<< FAILURE! - in com.labkit.test.personapi.PersonAPITestRunner
[ERROR] Feature: Test Person API  Time elapsed: 0.61 s  <<< ERROR!
java.lang.RuntimeException: evaluation of karate-config.js failed:
Caused by: com.intuit.karate.exception.KarateException: 

ReferenceError: "karate" is not defined

[INFO] Running com.labkit.test.personapi.PersonTest
[INFO] Tests run: 3, Failures: 0, Errors: 0, Skipped: 0, Time elapsed: 0 s - in com.labkit.test.personapi.PersonTest
[INFO] 
[INFO] Results:
[INFO] 
[ERROR] Errors: 
[ERROR]   evaluation of karate-config.js failed:
[INFO] 
[ERROR] Tests run: 6, Failures: 0, Errors: 1, Skipped: 0
[INFO] 
[INFO] ------------------------------------------------------------------------
[INFO] BUILD FAILURE
[INFO] ------------------------------------------------------------------------
[INFO] Total time: 5.189 s
[INFO] Finished at: 2018-02-09T00:06:55+05:30
[INFO] Final Memory: 17M/217M
[INFO] ------------------------------------------------------------------------
[ERROR] Failed to execute goal org.apache.maven.plugins:maven-surefire-plugin:2.20.1:test (default-test) on project HTTP-PATCH-JAX-RS: There are test failures.
[ERROR] 
[ERROR] Please refer to T:\opensource\http-patch-jax-rs\target\surefire-reports for the individual test results.
[ERROR] Please refer to dump files (if any exist) [date]-jvmRun[N].dump, [date].dumpstream and [date]-jvmRun[N].dumpstream.
[ERROR] -> [Help 1]
[ERROR] 
[ERROR] To see the full stack trace of the errors, re-run Maven with the -e switch.
[ERROR] Re-run Maven using the -X switch to enable full debug logging.
[ERROR] 
[ERROR] For more information about the errors and possible solutions, please read the following articles:
[ERROR] [Help 1] http://cwiki.apache.org/confluence/display/MAVEN/MojoFailureException
